<?xml version="1.0" encoding="utf-8"?><testsuites name="pytest tests"><testsuite name="pytest" errors="0" failures="0" skipped="0" tests="29" time="1.661" timestamp="2026-03-01T07:38:03.256091+00:00" hostname="agent-env-1a1bcbde-3aff-493a-9704-89a8bea7aa37"><testcase classname="backend.tests.test_categories.TestGetCategories" name="test_get_categories_returns_200" time="0.135" /><testcase classname="backend.tests.test_categories.TestGetCategories" name="test_get_categories_returns_list" time="0.052" /><testcase classname="backend.tests.test_categories.TestGetCategories" name="test_get_categories_has_10_defaults" time="0.054" /><testcase classname="backend.tests.test_categories.TestGetCategories" name="test_get_categories_has_other" time="0.060" /><testcase classname="backend.tests.test_categories.TestGetCategories" name="test_get_categories_has_all_defaults" time="0.048" /><testcase classname="backend.tests.test_categories.TestGetCategories" name="test_get_categories_has_required_fields" time="0.049" /><testcase classname="backend.tests.test_categories.TestGetCategories" name="test_get_categories_unauthorized" time="0.101" /><testcase classname="backend.tests.test_categories.TestCreateCategory" name="test_create_category_success" time="0.051" /><testcase classname="backend.tests.test_categories.TestCreateCategory" name="test_create_category_persists" time="0.049" /><testcase classname="backend.tests.test_categories.TestCreateCategory" name="test_create_category_empty_name_rejected" time="0.049" /><testcase classname="backend.tests.test_categories.TestCreateCategory" name="test_create_category_duplicate_name_rejected" time="0.047" /><testcase classname="backend.tests.test_categories.TestCreateCategory" name="test_create_category_duplicate_name_case_insensitive" time="0.047" /><testcase classname="backend.tests.test_categories.TestCreateCategory" name="test_cleanup_created_category" time="0.048" /><testcase classname="backend.tests.test_categories.TestUpdateCategory" name="test_setup_create_category_for_update" time="0.051" /><testcase classname="backend.tests.test_categories.TestUpdateCategory" name="test_update_category_name" time="0.050" /><testcase classname="backend.tests.test_categories.TestUpdateCategory" name="test_update_category_color" time="0.051" /><testcase classname="backend.tests.test_categories.TestUpdateCategory" name="test_update_category_icon" time="0.046" /><testcase classname="backend.tests.test_categories.TestUpdateCategory" name="test_update_category_not_found" time="0.045" /><testcase classname="backend.tests.test_categories.TestUpdateCategory" name="test_cleanup_update_category" time="0.046" /><testcase classname="backend.tests.test_categories.TestDeleteCategory" name="test_setup_create_category_and_item" time="0.050" /><testcase classname="backend.tests.test_categories.TestDeleteCategory" name="test_delete_category_success" time="0.052" /><testcase classname="backend.tests.test_categories.TestDeleteCategory" name="test_delete_category_no_longer_exists" time="0.049" /><testcase classname="backend.tests.test_categories.TestDeleteCategory" name="test_delete_category_not_found" time="0.050" /><testcase classname="backend.tests.test_categories.TestDeleteCategoryMovesItemsToOther" name="test_setup" time="0.048" /><testcase classname="backend.tests.test_categories.TestDeleteCategoryMovesItemsToOther" name="test_create_category_and_item" time="0.101" /><testcase classname="backend.tests.test_categories.TestDeleteCategoryMovesItemsToOther" name="test_delete_moves_items_to_other" time="0.095" /><testcase classname="backend.tests.test_categories.TestDeleteCategoryMovesItemsToOther" name="test_cleanup" time="0.049" /><testcase classname="backend.tests.test_categories.TestCategoryIcons" name="test_new_icons_in_available_list" time="0.000" /><testcase classname="backend.tests.test_categories.TestCategoryIcons" name="test_available_icons_count" time="0.001" /></testsuite></testsuites>