<?xml version="1.0" encoding="utf-8"?><testsuites name="pytest tests"><testsuite name="pytest" errors="0" failures="1" skipped="0" tests="16" time="3.117" timestamp="2026-03-01T18:06:58.538382+00:00" hostname="agent-env-3d250c18-d19c-4d57-bfd3-60512d631fed"><testcase classname="backend.tests.test_receipt_features.TestUnauthenticated" name="test_update_currency_returns_401_without_auth" time="0.305" /><testcase classname="backend.tests.test_receipt_features.TestUnauthenticated" name="test_get_receipts_returns_401_without_auth" time="0.149" /><testcase classname="backend.tests.test_receipt_features.TestUnauthenticated" name="test_confirm_receipt_returns_401_without_auth" time="0.147" /><testcase classname="backend.tests.test_receipt_features.TestUnauthenticated" name="test_upload_receipt_returns_401_without_auth" time="0.150" /><testcase classname="backend.tests.test_receipt_features.TestCurrencyEndpoint" name="test_update_currency_to_usd" time="0.127" /><testcase classname="backend.tests.test_receipt_features.TestCurrencyEndpoint" name="test_update_currency_to_gbp" time="0.133" /><testcase classname="backend.tests.test_receipt_features.TestCurrencyEndpoint" name="test_update_currency_all_valid_values" time="0.676" /><testcase classname="backend.tests.test_receipt_features.TestCurrencyEndpoint" name="test_update_currency_invalid_value" time="0.117" /><testcase classname="backend.tests.test_receipt_features.TestCurrencyEndpoint" name="test_update_currency_persisted_in_db" time="0.282" /><testcase classname="backend.tests.test_receipt_features.TestReceiptsEndpoint" name="test_get_receipts_empty_list" time="0.118" /><testcase classname="backend.tests.test_receipt_features.TestReceiptsEndpoint" name="test_get_receipts_invalid_list" time="0.116" /><testcase classname="backend.tests.test_receipt_features.TestUploadReceiptEndpoint" name="test_upload_receipt_no_file_returns_422" time="0.103" /><testcase classname="backend.tests.test_receipt_features.TestUploadReceiptEndpoint" name="test_upload_receipt_invalid_file_type" time="0.112" /><testcase classname="backend.tests.test_receipt_features.TestUploadReceiptEndpoint" name="test_upload_receipt_with_valid_image" time="0.000"><failure message="binascii.Error: Invalid base64-encoded string: number of data characters (449) cannot be 1 more than a multiple of 4">backend/tests/test_receipt_features.py:224: in test_upload_receipt_with_valid_image
    image_data = base64.b64decode(minimal_jpeg_b64)
                 ^^^^^^^^^^^^^^^^^^^^^^^^^^^^^^^^^^
/usr/local/lib/python3.11/base64.py:88: in b64decode
    return binascii.a2b_base64(s, strict_mode=validate)
           ^^^^^^^^^^^^^^^^^^^^^^^^^^^^^^^^^^^^^^^^^^^^
E   binascii.Error: Invalid base64-encoded string: number of data characters (449) cannot be 1 more than a multiple of 4</failure></testcase><testcase classname="backend.tests.test_receipt_features.TestConfirmReceiptEndpoint" name="test_confirm_nonexistent_receipt_returns_404" time="0.109" /><testcase classname="backend.tests.test_receipt_features.TestConfirmReceiptEndpoint" name="test_confirm_receipt_creates_receipt_and_confirms" time="0.332" /></testsuite></testsuites>