<?xml version="1.0" encoding="utf-8"?><testsuites name="pytest tests"><testsuite name="pytest" errors="0" failures="0" skipped="0" tests="16" time="9.562" timestamp="2026-03-01T18:07:37.151204+00:00" hostname="agent-env-3d250c18-d19c-4d57-bfd3-60512d631fed"><testcase classname="backend.tests.test_receipt_features.TestUnauthenticated" name="test_update_currency_returns_401_without_auth" time="0.179" /><testcase classname="backend.tests.test_receipt_features.TestUnauthenticated" name="test_get_receipts_returns_401_without_auth" time="0.111" /><testcase classname="backend.tests.test_receipt_features.TestUnauthenticated" name="test_confirm_receipt_returns_401_without_auth" time="0.097" /><testcase classname="backend.tests.test_receipt_features.TestUnauthenticated" name="test_upload_receipt_returns_401_without_auth" time="0.132" /><testcase classname="backend.tests.test_receipt_features.TestCurrencyEndpoint" name="test_update_currency_to_usd" time="0.114" /><testcase classname="backend.tests.test_receipt_features.TestCurrencyEndpoint" name="test_update_currency_to_gbp" time="0.130" /><testcase classname="backend.tests.test_receipt_features.TestCurrencyEndpoint" name="test_update_currency_all_valid_values" time="0.706" /><testcase classname="backend.tests.test_receipt_features.TestCurrencyEndpoint" name="test_update_currency_invalid_value" time="0.121" /><testcase classname="backend.tests.test_receipt_features.TestCurrencyEndpoint" name="test_update_currency_persisted_in_db" time="0.210" /><testcase classname="backend.tests.test_receipt_features.TestReceiptsEndpoint" name="test_get_receipts_empty_list" time="0.121" /><testcase classname="backend.tests.test_receipt_features.TestReceiptsEndpoint" name="test_get_receipts_invalid_list" time="0.105" /><testcase classname="backend.tests.test_receipt_features.TestUploadReceiptEndpoint" name="test_upload_receipt_no_file_returns_422" time="0.135" /><testcase classname="backend.tests.test_receipt_features.TestUploadReceiptEndpoint" name="test_upload_receipt_invalid_file_type" time="0.136" /><testcase classname="backend.tests.test_receipt_features.TestUploadReceiptEndpoint" name="test_upload_receipt_with_valid_image" time="6.748" /><testcase classname="backend.tests.test_receipt_features.TestConfirmReceiptEndpoint" name="test_confirm_nonexistent_receipt_returns_404" time="0.142" /><testcase classname="backend.tests.test_receipt_features.TestConfirmReceiptEndpoint" name="test_confirm_receipt_creates_receipt_and_confirms" time="0.307" /></testsuite></testsuites>